<?xml version="1.0" encoding="UTF-8" ?>
<testsuite errors="0" failures="0" hostname="Alejandrinas-MacBook-Pro.local" name="com.flatironschool.javacs.WikiPhilosophyTest" skipped="0" tests="1" time="14.121" timestamp="2016-05-22T22:42:23">
  <properties>
    <property name="java.vendor" value="Oracle Corporation" />
    <property name="sun.java.launcher" value="SUN_STANDARD" />
    <property name="env.XPC_SERVICE_NAME" value="0" />
    <property name="sun.management.compiler" value="HotSpot 64-Bit Tiered Compilers" />
    <property name="env.SECURITYSESSIONID" value="186a7" />
    <property name="env._system_arch" value="x86_64" />
    <property name="env.GEM_HOME" value="/Users/ale_patron/.rvm/gems/ruby-2.3.0" />
    <property name="os.name" value="Mac OS X" />
    <property name="sun.boot.class.path" value="/Library/Java/JavaVirtualMachines/jdk1.8.0_25.jdk/Contents/Home/jre/lib/resources.jar:/Library/Java/JavaVirtualMachines/jdk1.8.0_25.jdk/Contents/Home/jre/lib/rt.jar:/Library/Java/JavaVirtualMachines/jdk1.8.0_25.jdk/Contents/Home/jre/lib/sunrsasign.jar:/Library/Java/JavaVirtualMachines/jdk1.8.0_25.jdk/Contents/Home/jre/lib/jsse.jar:/Library/Java/JavaVirtualMachines/jdk1.8.0_25.jdk/Contents/Home/jre/lib/jce.jar:/Library/Java/JavaVirtualMachines/jdk1.8.0_25.jdk/Contents/Home/jre/lib/charsets.jar:/Library/Java/JavaVirtualMachines/jdk1.8.0_25.jdk/Contents/Home/jre/lib/jfr.jar:/Library/Java/JavaVirtualMachines/jdk1.8.0_25.jdk/Contents/Home/jre/classes" />
    <property name="env.TMPDIR" value="/var/folders/vw/_bnyjhkn6bxfg1j4pt7spzvr0000gn/T/" />
    <property name="env.PWD" value="/Users/ale_patron/Documents/codeu/cs-wikipedia-philosophy-lab-codeU" />
    <property name="env.LANG" value="en_US.UTF-8" />
    <property name="java.vm.specification.vendor" value="Oracle Corporation" />
    <property name="ant.home" value="/usr/local/Cellar/ant/1.9.4/libexec" />
    <property name="java.runtime.version" value="1.8.0_25-b17" />
    <property name="env.MY_RUBY_HOME" value="/Users/ale_patron/.rvm/rubies/ruby-2.3.0" />
    <property name="env.Apple_PubSub_Socket_Render" value="/private/tmp/com.apple.launchd.RtdVd0XcRx/Render" />
    <property name="env.rvm_version" value="1.26.11 (latest)" />
    <property name="user.name" value="ale_patron" />
    <property name="env.JAVA_MAIN_CLASS_4531" value="org.apache.tools.ant.launch.Launcher" />
    <property name="env.USER" value="ale_patron" />
    <property name="env.SHELL" value="/bin/bash" />
    <property name="env.__CF_USER_TEXT_ENCODING" value="0x1F5:0x0:0x0" />
    <property name="env._system_type" value="Darwin" />
    <property name="env.PATH" value="/Users/ale_patron/.rvm/gems/ruby-2.3.0/bin:/Users/ale_patron/.rvm/gems/ruby-2.3.0@global/bin:/Users/ale_patron/.rvm/rubies/ruby-2.3.0/bin:/usr/local/bin:/usr/local/sbin:/Users/ale_patron/bin:/usr/local/bin:/usr/bin:/bin:/usr/sbin:/sbin:/usr/local/git/bin:/Users/ale_patron/.rvm/bin" />
    <property name="user.language" value="en" />
    <property name="env.rvm_prefix" value="/Users/ale_patron" />
    <property name="sun.boot.library.path" value="/Library/Java/JavaVirtualMachines/jdk1.8.0_25.jdk/Contents/Home/jre/lib" />
    <property name="ant.project.default-target" value="build" />
    <property name="env.XPC_FLAGS" value="0x0" />
    <property name="ant.project.name" value="JavaCS" />
    <property name="env.rvm_path" value="/Users/ale_patron/.rvm" />
    <property name="env.RUBY_VERSION" value="ruby-2.3.0" />
    <property name="java.version" value="1.8.0_25" />
    <property name="user.timezone" value="America/Los_Angeles" />
    <property name="sun.arch.data.model" value="64" />
    <property name="env._system_name" value="OSX" />
    <property name="http.nonProxyHosts" value="local|*.local|169.254/16|*.169.254/16" />
    <property name="java.endorsed.dirs" value="/Library/Java/JavaVirtualMachines/jdk1.8.0_25.jdk/Contents/Home/jre/lib/endorsed" />
    <property name="sun.cpu.isalist" value="" />
    <property name="sun.jnu.encoding" value="UTF-8" />
    <property name="env.rvm_bin_path" value="/Users/ale_patron/.rvm/bin" />
    <property name="file.encoding.pkg" value="sun.io" />
    <property name="env.SHLVL" value="2" />
    <property name="file.separator" value="/" />
    <property name="env._system_version" value="10.11" />
    <property name="java.specification.name" value="Java Platform API Specification" />
    <property name="java.class.version" value="52.0" />
    <property name="user.country" value="US" />
    <property name="ant.file.JavaCS" value="/Users/ale_patron/Documents/codeu/cs-wikipedia-philosophy-lab-codeU/javacs-lab05/build.xml" />
    <property name="java.home" value="/Library/Java/JavaVirtualMachines/jdk1.8.0_25.jdk/Contents/Home/jre" />
    <property name="java.vm.info" value="mixed mode" />
    <property name="env.LOGNAME" value="ale_patron" />
    <property name="ant.file" value="/Users/ale_patron/Documents/codeu/cs-wikipedia-philosophy-lab-codeU/javacs-lab05/build.xml" />
    <property name="os.version" value="10.11.4" />
    <property name="env.TERM_PROGRAM_VERSION" value="361.1" />
    <property name="path.separator" value=":" />
    <property name="java.vm.version" value="25.25-b02" />
    <property name="ant.library.dir" value="/usr/local/Cellar/ant/1.9.4/libexec/lib" />
    <property name="junit.output.dir" value="junit" />
    <property name="env.IRBRC" value="/Users/ale_patron/.rvm/rubies/ruby-2.3.0/.irbrc" />
    <property name="java.awt.printerjob" value="sun.lwawt.macosx.CPrinterJob" />
    <property name="env.TERM" value="xterm-256color" />
    <property name="sun.io.unicode.encoding" value="UnicodeBig" />
    <property name="awt.toolkit" value="sun.lwawt.macosx.LWCToolkit" />
    <property name="socksNonProxyHosts" value="local|*.local|169.254/16|*.169.254/16" />
    <property name="ftp.nonProxyHosts" value="local|*.local|169.254/16|*.169.254/16" />
    <property name="env.GEM_PATH" value="/Users/ale_patron/.rvm/gems/ruby-2.3.0:/Users/ale_patron/.rvm/gems/ruby-2.3.0@global" />
    <property name="user.home" value="/Users/ale_patron" />
    <property name="target" value="1.7" />
    <property name="env.CLASSPATH" value=".:/Users/ale_patron/Documents/GeorgiaTech/Fall2015/CS1332/junit-4.12.jar:/Users/ale_patron/Documents/GeorgiaTech/Fall2015/CS1332/hamcrest-core-1.3.jar" />
    <property name="java.specification.vendor" value="Oracle Corporation" />
    <property name="env.TERM_PROGRAM" value="Apple_Terminal" />
    <property name="java.vendor.url" value="http://java.oracle.com/" />
    <property name="java.library.path" value="/Users/ale_patron/Library/Java/Extensions:/Library/Java/Extensions:/Network/Library/Java/Extensions:/System/Library/Java/Extensions:/usr/lib/java:." />
    <property name="gopherProxySet" value="false" />
    <property name="java.vm.vendor" value="Oracle Corporation" />
    <property name="java.runtime.name" value="Java(TM) SE Runtime Environment" />
    <property name="ant.version" value="Apache Ant(TM) version 1.9.4 compiled on April 29 2014" />
    <property name="sun.java.command" value="org.apache.tools.ant.taskdefs.optional.junit.JUnitTestRunner com.flatironschool.javacs.WikiPhilosophyTest skipNonTests=false filtertrace=true haltOnError=false haltOnFailure=false formatter=org.apache.tools.ant.taskdefs.optional.junit.OutErrSummaryJUnitResultFormatter showoutput=false outputtoformatters=true logfailedtests=true threadid=0 logtestlistenerevents=false formatter=org.apache.tools.ant.taskdefs.optional.junit.XMLJUnitResultFormatter,/Users/ale_patron/Documents/codeu/cs-wikipedia-philosophy-lab-codeU/javacs-lab05/junit/TEST-com.flatironschool.javacs.WikiPhilosophyTest.xml formatter=org.apache.tools.ant.taskdefs.optional.junit.PlainJUnitResultFormatter crashfile=/Users/ale_patron/Documents/codeu/cs-wikipedia-philosophy-lab-codeU/javacs-lab05/junitvmwatcher7403146686679159724.properties propsfile=/Users/ale_patron/Documents/codeu/cs-wikipedia-philosophy-lab-codeU/javacs-lab05/junit2148282664219279453.properties" />
    <property name="java.class.path" value="/Users/ale_patron/Documents/codeu/cs-wikipedia-philosophy-lab-codeU/javacs-lab05/bin:/Users/ale_patron/Documents/codeu/cs-wikipedia-philosophy-lab-codeU/javacs-lab05/lib/jsoup-1.8.3.jar:/Users/ale_patron/Documents/codeu/cs-wikipedia-philosophy-lab-codeU/javacs-lab05/lib/junit-4.12.jar:/Users/ale_patron/Documents/codeu/cs-wikipedia-philosophy-lab-codeU/javacs-lab05/lib/hamcrest-core-1.3.jar:/Users/ale_patron/Documents/codeu/cs-wikipedia-philosophy-lab-codeU/javacs-lab05:/Users/ale_patron/Documents/GeorgiaTech/Fall2015/CS1332/junit-4.12.jar:/Users/ale_patron/Documents/GeorgiaTech/Fall2015/CS1332/hamcrest-core-1.3.jar:/usr/local/Cellar/ant/1.9.4/libexec/lib/ant-launcher.jar:/usr/local/Cellar/ant/1.9.4/libexec/lib/ant.jar:/usr/local/Cellar/ant/1.9.4/libexec/lib/ant-junit.jar:/usr/local/Cellar/ant/1.9.4/libexec/lib/ant-junit4.jar" />
    <property name="env.TERM_SESSION_ID" value="68675BFE-FAA9-4929-8F7C-C95F4982B204" />
    <property name="ant.file.type.JavaCS" value="file" />
    <property name="java.vm.specification.name" value="Java Virtual Machine Specification" />
    <property name="ant.file.type" value="file" />
    <property name="java.vm.specification.version" value="1.8" />
    <property name="sun.cpu.endian" value="little" />
    <property name="sun.os.patch.level" value="unknown" />
    <property name="debuglevel" value="source,lines,vars" />
    <property name="env.HOME" value="/Users/ale_patron" />
    <property name="java.io.tmpdir" value="/var/folders/vw/_bnyjhkn6bxfg1j4pt7spzvr0000gn/T/" />
    <property name="java.vendor.url.bug" value="http://bugreport.sun.com/bugreport/" />
    <property name="env.SSH_AUTH_SOCK" value="/private/tmp/com.apple.launchd.z33Ql5dGEn/Listeners" />
    <property name="java.awt.graphicsenv" value="sun.awt.CGraphicsEnvironment" />
    <property name="os.arch" value="x86_64" />
    <property name="java.ext.dirs" value="/Users/ale_patron/Library/Java/Extensions:/Library/Java/JavaVirtualMachines/jdk1.8.0_25.jdk/Contents/Home/jre/lib/ext:/Library/Java/Extensions:/Network/Library/Java/Extensions:/System/Library/Java/Extensions:/usr/lib/java" />
    <property name="user.dir" value="/Users/ale_patron/Documents/codeu/cs-wikipedia-philosophy-lab-codeU" />
    <property name="line.separator" value="&#xa;" />
    <property name="java.vm.name" value="Java HotSpot(TM) 64-Bit Server VM" />
    <property name="basedir" value="/Users/ale_patron/Documents/codeu/cs-wikipedia-philosophy-lab-codeU/javacs-lab05" />
    <property name="ant.java.version" value="1.8" />
    <property name="ant.core.lib" value="/usr/local/Cellar/ant/1.9.4/libexec/lib/ant.jar" />
    <property name="source" value="1.7" />
    <property name="file.encoding" value="UTF-8" />
    <property name="java.specification.version" value="1.8" />
    <property name="ant.project.invoked-targets" value="test" />
  </properties>
  <testcase classname="com.flatironschool.javacs.WikiPhilosophyTest" name="testMain" time="14.075" />
  <system-out><![CDATA[https://en.wikipedia.org/wiki/Java_(programming_language)
https://en.wikipedia.org/wiki/Programming_language
https://en.wikipedia.org/wiki/Formal_language
https://en.wikipedia.org/wiki/Mathematics
https://en.wikipedia.org/wiki/Ancient_Greek
https://en.wikipedia.org/wiki/Greek_language
https://en.wikipedia.org/wiki/Modern_Greek
https://en.wikipedia.org/wiki/Colloquialism
https://en.wikipedia.org/wiki/Word
https://en.wikipedia.org/wiki/Linguistics
https://en.wikipedia.org/wiki/Science
https://en.wikipedia.org/wiki/Knowledge
https://en.wikipedia.org/wiki/Awareness
https://en.wikipedia.org/wiki/Conscious
https://en.wikipedia.org/wiki/Quality_(philosophy)
https://en.wikipedia.org/wiki/Philosophy
]]></system-out>
  <system-err><![CDATA[]]></system-err>
</testsuite>
